Using pre-set license

 COMMAND LINE ARGUMENTS:
/Applications/Unity/Hub/Editor/2020.3.15f2/Unity.app/Contents/MacOS/Unity
-adb2
-batchMode
-noUpm
-name
AssetImportWorker0
-projectPath
/Users/safemac/PTT-Games
-logFile
Logs/AssetImportWorker0.log
-srvPort
51049
Successfully changed project path to: /Users/safemac/PTT-Games
/Users/safemac/PTT-Games
Using Asset Import Pipeline V2.
Refreshing native plugins compatible for Editor in 47.24 ms, found 2 plugins.
Preloading 0 native plugins for Editor in 0.00 ms.
Initialize engine version: 2020.3.15f2 (6cf78cb77498)
[Subsystems] Discovering subsystems at path /Applications/Unity/Hub/Editor/2020.3.15f2/Unity.app/Contents/Resources/UnitySubsystems
[Subsystems] Discovering subsystems at path /Users/safemac/PTT-Games/Assets
GfxDevice: creating device client; threaded=0
2021-11-14 20:31:14.457 Unity[5928:96582] Color LCD preferred device: Intel(R) Iris(TM) Plus Graphics 650 (low power)
2021-11-14 20:31:14.457 Unity[5928:96582] Metal devices available: 1
2021-11-14 20:31:14.457 Unity[5928:96582] 0: Intel(R) Iris(TM) Plus Graphics 650 (low power)
2021-11-14 20:31:14.457 Unity[5928:96582] Using device Intel(R) Iris(TM) Plus Graphics 650 (low power)
Initializing Metal device caps: Intel(R) Iris(TM) Plus Graphics 650
Initialize mono
Mono path[0] = '/Applications/Unity/Hub/Editor/2020.3.15f2/Unity.app/Contents/Managed'
Mono path[1] = '/Applications/Unity/Hub/Editor/2020.3.15f2/Unity.app/Contents/MonoBleedingEdge/lib/mono/unityjit'
Mono config path = '/Applications/Unity/Hub/Editor/2020.3.15f2/Unity.app/Contents/MonoBleedingEdge/etc'
Using monoOptions --debugger-agent=transport=dt_socket,embedding=1,server=y,suspend=n,address=127.0.0.1:56928
Begin MonoManager ReloadAssembly
Registering precompiled unity dll's ...
Register platform support module: /Applications/Unity/Hub/Editor/2020.3.15f2/PlaybackEngines/WebGLSupport/UnityEditor.WebGL.Extensions.dll
Register platform support module: /Applications/Unity/Hub/Editor/2020.3.15f2/Unity.app/Contents/PlaybackEngines/MacStandaloneSupport/UnityEditor.OSXStandalone.Extensions.dll
Registered in 0.003292 seconds.
Native extension for OSXStandalone target not found
Native extension for WebGL target not found
Refreshing native plugins compatible for Editor in 34.86 ms, found 2 plugins.
Preloading 0 native plugins for Editor in 0.00 ms.
Mono: successfully reloaded assembly
- Completed reload, in  5.404 seconds
Domain Reload Profiling:
	ReloadAssembly (5404ms)
		BeginReloadAssembly (55ms)
			ExecutionOrderSort (0ms)
			DisableScriptedObjects (0ms)
			BackupInstance (0ms)
			ReleaseScriptingObjects (0ms)
			CreateAndSetChildDomain (1ms)
		EndReloadAssembly (508ms)
			LoadAssemblies (56ms)
			RebuildTransferFunctionScriptingTraits (0ms)
			SetupTypeCache (206ms)
			ReleaseScriptCaches (0ms)
			RebuildScriptCaches (35ms)
			SetupLoadedEditorAssemblies (208ms)
				LogAssemblyErrors (0ms)
				InitializePlatformSupportModulesInManaged (7ms)
				SetLoadedEditorAssemblies (0ms)
				RefreshPlugins (35ms)
				BeforeProcessingInitializeOnLoad (27ms)
				ProcessInitializeOnLoadAttributes (103ms)
				ProcessInitializeOnLoadMethodAttributes (36ms)
				AfterProcessingInitializeOnLoad (0ms)
				EditorAssembliesLoaded (0ms)
			ExecutionOrderSort2 (0ms)
			AwakeInstancesAfterBackupRestoration (0ms)
Platform modules already initialized, skipping
Registering precompiled user dll's ...
Registered in 0.007835 seconds.
Begin MonoManager ReloadAssembly
Native extension for OSXStandalone target not found
Native extension for WebGL target not found
Refreshing native plugins compatible for Editor in 0.37 ms, found 2 plugins.
Preloading 0 native plugins for Editor in 0.00 ms.
Mono: successfully reloaded assembly
- Completed reload, in  1.367 seconds
Domain Reload Profiling:
	ReloadAssembly (1370ms)
		BeginReloadAssembly (190ms)
			ExecutionOrderSort (0ms)
			DisableScriptedObjects (7ms)
			BackupInstance (0ms)
			ReleaseScriptingObjects (0ms)
			CreateAndSetChildDomain (27ms)
		EndReloadAssembly (1093ms)
			LoadAssemblies (143ms)
			RebuildTransferFunctionScriptingTraits (0ms)
			SetupTypeCache (372ms)
			ReleaseScriptCaches (0ms)
			RebuildScriptCaches (54ms)
			SetupLoadedEditorAssemblies (406ms)
				LogAssemblyErrors (0ms)
				InitializePlatformSupportModulesInManaged (6ms)
				SetLoadedEditorAssemblies (0ms)
				RefreshPlugins (0ms)
				BeforeProcessingInitializeOnLoad (84ms)
				ProcessInitializeOnLoadAttributes (308ms)
				ProcessInitializeOnLoadMethodAttributes (5ms)
				AfterProcessingInitializeOnLoad (2ms)
				EditorAssembliesLoaded (0ms)
			ExecutionOrderSort2 (0ms)
			AwakeInstancesAfterBackupRestoration (9ms)
Platform modules already initialized, skipping
========================================================================
Worker process is ready to serve import requests
Launching external process: /Applications/Unity/Hub/Editor/2020.3.15f2/Unity.app/Contents/Tools/UnityShaderCompiler
Launched and connected shader compiler UnityShaderCompiler after 0.02 seconds
Refreshing native plugins compatible for Editor in 0.43 ms, found 2 plugins.
Preloading 0 native plugins for Editor in 0.00 ms.
Unloading 1491 Unused Serialized files (Serialized files now loaded: 0)
System memory in use before: 180.7 MB.
System memory in use after: 180.8 MB.

Unloading 20 unused Assets to reduce memory usage. Loaded Objects now: 1929.
Total: 2.018326 ms (FindLiveObjects: 0.159903 ms CreateObjectMapping: 0.042159 ms MarkObjects: 1.752025 ms  DeleteObjects: 0.063435 ms)

AssetImportParameters requested are different than current active one (requested -> active):
  custom:video-decoder-ogg-theora: a1e56fd34408186e4bbccfd4996cb3dc -> 
  custom:container-muxer-webm: aa71ff27fc2769a1b78a27578f13a17b -> 
  custom:container-demuxer-webm: 4f35f7cbe854078d1ac9338744f61a02 -> 
  custom:container-demuxer-ogg: 62fdf1f143b41e24485cea50d1cbac27 -> 
  custom:video-encoder-webm-vp8: eb34c28f22e8b96e1ab97ce403110664 -> 
  custom:framework-osx-AVFoundation: e770b220cccbd017edd2c1fefb359320 -> 
  custom:video-decoder-webm-vp8: 9c59270c3fd7afecdb556c50c9e8de78 -> 
  custom:audio-decoder-ogg-vorbis: bf7c407c2cedff20999df2af8eb42d56 -> 
  custom:audio-encoder-webm-vorbis: bf7c407c2cedff20999df2af8eb42d56 -> 
========================================================================
Received Import Request.
  path: Assets/Fonts
  artifactKey: Guid(ac00c3990878845f6a7dd11b3d831efd) Importer(815301076,1909f56bfc062723c751e8b465ee728b)
Start importing Assets/Fonts using Guid(ac00c3990878845f6a7dd11b3d831efd) Importer(815301076,1909f56bfc062723c751e8b465ee728b)  -> (artifact id: 'bb30fc038fb12dcad83166235212983f') in 0.008755 seconds 
  Import took 0.012274 seconds .

========================================================================
Received Import Request.
  Time since last request: 0.000215 seconds.
  path: Assets/Fonts/BaiJamjuree-Medium SDF.asset
  artifactKey: Guid(5d5d26965e54f49aab4eeb9b9461ab2e) Importer(815301076,1909f56bfc062723c751e8b465ee728b)
Start importing Assets/Fonts/BaiJamjuree-Medium SDF.asset using Guid(5d5d26965e54f49aab4eeb9b9461ab2e) Importer(815301076,1909f56bfc062723c751e8b465ee728b)  -> (artifact id: '2884337d13847a5fc1d82e6efc4e0045') in 1.146163 seconds 
  Import took 1.149779 seconds .

========================================================================
Received Prepare
Refreshing native plugins compatible for Editor in 1.83 ms, found 2 plugins.
Preloading 0 native plugins for Editor in 0.00 ms.
Unloading 14 Unused Serialized files (Serialized files now loaded: 0)
System memory in use before: 160.0 MB.
System memory in use after: 160.1 MB.

Unloading 13 unused Assets to reduce memory usage. Loaded Objects now: 1972.
Total: 2.470329 ms (FindLiveObjects: 0.193344 ms CreateObjectMapping: 0.053563 ms MarkObjects: 2.208880 ms  DeleteObjects: 0.013853 ms)

AssetImportParameters requested are different than current active one (requested -> active):
  custom:video-decoder-ogg-theora: a1e56fd34408186e4bbccfd4996cb3dc -> 
  custom:container-muxer-webm: aa71ff27fc2769a1b78a27578f13a17b -> 
  custom:container-demuxer-webm: 4f35f7cbe854078d1ac9338744f61a02 -> 
  custom:container-demuxer-ogg: 62fdf1f143b41e24485cea50d1cbac27 -> 
  custom:video-encoder-webm-vp8: eb34c28f22e8b96e1ab97ce403110664 -> 
  custom:framework-osx-AVFoundation: e770b220cccbd017edd2c1fefb359320 -> 
  custom:video-decoder-webm-vp8: 9c59270c3fd7afecdb556c50c9e8de78 -> 
  custom:audio-decoder-ogg-vorbis: bf7c407c2cedff20999df2af8eb42d56 -> 
  custom:audio-encoder-webm-vorbis: bf7c407c2cedff20999df2af8eb42d56 -> 
========================================================================
Received Import Request.
  Time since last request: 32.696392 seconds.
  path: Assets/Fonts/BaiJamjuree-Medium SDF.asset
  artifactKey: Guid(5d5d26965e54f49aab4eeb9b9461ab2e) Importer(815301076,1909f56bfc062723c751e8b465ee728b)
Start importing Assets/Fonts/BaiJamjuree-Medium SDF.asset using Guid(5d5d26965e54f49aab4eeb9b9461ab2e) Importer(815301076,1909f56bfc062723c751e8b465ee728b)  -> (artifact id: '44dd6a6ee73331023cdce0c1553cf626') in 0.024814 seconds 
  Import took 0.028792 seconds .

========================================================================
Received Import Request.
  Time since last request: 554.071015 seconds.
  path: Assets/Prefab/Question 1.prefab
  artifactKey: Guid(82bd77734a97d4a75b6953c3b0be3b18) Importer(815301076,1909f56bfc062723c751e8b465ee728b)
Start importing Assets/Prefab/Question 1.prefab using Guid(82bd77734a97d4a75b6953c3b0be3b18) Importer(815301076,1909f56bfc062723c751e8b465ee728b)  -> (artifact id: '6acd6d7ad011ae33c6d4bc86adbff4dd') in 0.181712 seconds 
  Import took 0.186115 seconds .

========================================================================
Received Import Request.
  Time since last request: 10.834754 seconds.
  path: Assets/Prefab/Question 2.prefab
  artifactKey: Guid(a3a8d0655a879448eb4d0b2eb48db93e) Importer(815301076,1909f56bfc062723c751e8b465ee728b)
Start importing Assets/Prefab/Question 2.prefab using Guid(a3a8d0655a879448eb4d0b2eb48db93e) Importer(815301076,1909f56bfc062723c751e8b465ee728b)  -> (artifact id: '2d8ce9103cffcf3fbe9590655c73d9f5') in 0.017618 seconds 
  Import took 0.022711 seconds .

========================================================================
Received Import Request.
  Time since last request: 8.142922 seconds.
  path: Assets/Prefab/Question 3.prefab
  artifactKey: Guid(49bb7437f45c74585a5b15d96e33f406) Importer(815301076,1909f56bfc062723c751e8b465ee728b)
Start importing Assets/Prefab/Question 3.prefab using Guid(49bb7437f45c74585a5b15d96e33f406) Importer(815301076,1909f56bfc062723c751e8b465ee728b)  -> (artifact id: '49e23959553db7ad0a0c74037321f478') in 0.020151 seconds 
  Import took 0.024486 seconds .

========================================================================
Received Import Request.
  Time since last request: 20.649833 seconds.
  path: Assets/Prefab/Question 4.prefab
  artifactKey: Guid(c2e6e3dc0ab9c4a6da7b31331b2793a3) Importer(815301076,1909f56bfc062723c751e8b465ee728b)
Start importing Assets/Prefab/Question 4.prefab using Guid(c2e6e3dc0ab9c4a6da7b31331b2793a3) Importer(815301076,1909f56bfc062723c751e8b465ee728b)  -> (artifact id: '3963496b945555e2cfa494e0524bc810') in 0.020737 seconds 
  Import took 0.025101 seconds .

========================================================================
Received Import Request.
  Time since last request: 131.799699 seconds.
  path: Assets/Prefab/Question 5.prefab
  artifactKey: Guid(104e70de314ea409385ca70b618f9048) Importer(815301076,1909f56bfc062723c751e8b465ee728b)
Start importing Assets/Prefab/Question 5.prefab using Guid(104e70de314ea409385ca70b618f9048) Importer(815301076,1909f56bfc062723c751e8b465ee728b)  -> (artifact id: '9f13d3bef4ad39a0a7b48b483a05af70') in 0.025649 seconds 
  Import took 0.029665 seconds .

========================================================================
Received Import Request.
  Time since last request: 0.900892 seconds.
  path: Assets/Prefab/Question 4.prefab
  artifactKey: Guid(c2e6e3dc0ab9c4a6da7b31331b2793a3) Importer(815301076,1909f56bfc062723c751e8b465ee728b)
Start importing Assets/Prefab/Question 4.prefab using Guid(c2e6e3dc0ab9c4a6da7b31331b2793a3) Importer(815301076,1909f56bfc062723c751e8b465ee728b)  -> (artifact id: '5ef88bdc469760f1f33b1dac9b60d55b') in 0.015725 seconds 
  Import took 0.022429 seconds .

========================================================================
Received Import Request.
  Time since last request: 24.854477 seconds.
  path: Assets/Fonts/BaiJamjuree-Medium SDF.asset
  artifactKey: Guid(5d5d26965e54f49aab4eeb9b9461ab2e) Importer(815301076,1909f56bfc062723c751e8b465ee728b)
Start importing Assets/Fonts/BaiJamjuree-Medium SDF.asset using Guid(5d5d26965e54f49aab4eeb9b9461ab2e) Importer(815301076,1909f56bfc062723c751e8b465ee728b)  -> (artifact id: 'a1a3c3a788f75f2c46a8503742ec32a0') in 0.034173 seconds 
  Import took 0.037812 seconds .

========================================================================
Received Import Request.
  Time since last request: 41.041811 seconds.
  path: Assets/Prefab/Question 6.prefab
  artifactKey: Guid(648efb6601aae4772886de12c838b3f3) Importer(815301076,1909f56bfc062723c751e8b465ee728b)
Start importing Assets/Prefab/Question 6.prefab using Guid(648efb6601aae4772886de12c838b3f3) Importer(815301076,1909f56bfc062723c751e8b465ee728b)  -> (artifact id: '5c6a6add65f609377473d020944f38f9') in 0.029161 seconds 
  Import took 0.036961 seconds .

========================================================================
Received Import Request.
  Time since last request: 21.185511 seconds.
  path: Assets/Prefab/Question 7.prefab
  artifactKey: Guid(b6d2e19498ad649d0b4010b42b71657e) Importer(815301076,1909f56bfc062723c751e8b465ee728b)
Start importing Assets/Prefab/Question 7.prefab using Guid(b6d2e19498ad649d0b4010b42b71657e) Importer(815301076,1909f56bfc062723c751e8b465ee728b)  -> (artifact id: '91fa0ac5f8d258ca2d52f0e62daad536') in 0.020530 seconds 
  Import took 0.024556 seconds .

========================================================================
Received Import Request.
  Time since last request: 8.150950 seconds.
  path: Assets/Prefab/Question 8.prefab
  artifactKey: Guid(91156d7798eae4226ab0dc17b69606a3) Importer(815301076,1909f56bfc062723c751e8b465ee728b)
Start importing Assets/Prefab/Question 8.prefab using Guid(91156d7798eae4226ab0dc17b69606a3) Importer(815301076,1909f56bfc062723c751e8b465ee728b)  -> (artifact id: '3aba4b918f41c359d63f96407066f16c') in 0.019262 seconds 
  Import took 0.023220 seconds .

========================================================================
Received Import Request.
  Time since last request: 13.850988 seconds.
  path: Assets/Prefab/Question 9.prefab
  artifactKey: Guid(c02fd24fb36514db684cb9e8f60a9b17) Importer(815301076,1909f56bfc062723c751e8b465ee728b)
Start importing Assets/Prefab/Question 9.prefab using Guid(c02fd24fb36514db684cb9e8f60a9b17) Importer(815301076,1909f56bfc062723c751e8b465ee728b)  -> (artifact id: '1e0315d5c3b3661cd644046b5e954f79') in 0.020662 seconds 
  Import took 0.024094 seconds .

========================================================================
Received Import Request.
  Time since last request: 19.345348 seconds.
  path: Assets/Prefab/Question 10.prefab
  artifactKey: Guid(9e261c5e9aed84f7cbb3d2e7442104ca) Importer(815301076,1909f56bfc062723c751e8b465ee728b)
Start importing Assets/Prefab/Question 10.prefab using Guid(9e261c5e9aed84f7cbb3d2e7442104ca) Importer(815301076,1909f56bfc062723c751e8b465ee728b)  -> (artifact id: '6370d8b0c9a1b546a5eafdf9e033411b') in 0.018237 seconds 
  Import took 0.021993 seconds .

========================================================================
Received Import Request.
  Time since last request: 63.463161 seconds.
  path: Assets/Prefab/Question 11.prefab
  artifactKey: Guid(b5f5bc2f95080404f809a01d0bad1f8e) Importer(815301076,1909f56bfc062723c751e8b465ee728b)
Start importing Assets/Prefab/Question 11.prefab using Guid(b5f5bc2f95080404f809a01d0bad1f8e) Importer(815301076,1909f56bfc062723c751e8b465ee728b)  -> (artifact id: '0adb91268b93089e4e2db689722bdd84') in 0.021101 seconds 
  Import took 0.025725 seconds .

========================================================================
Received Import Request.
  Time since last request: 17.781898 seconds.
  path: Assets/Prefab/Question 12.prefab
  artifactKey: Guid(1cc98936980a04d7c983ff0b2f94827d) Importer(815301076,1909f56bfc062723c751e8b465ee728b)
Start importing Assets/Prefab/Question 12.prefab using Guid(1cc98936980a04d7c983ff0b2f94827d) Importer(815301076,1909f56bfc062723c751e8b465ee728b)  -> (artifact id: 'acf577fe8332038e46525039084156c4') in 0.017722 seconds 
  Import took 0.021848 seconds .

========================================================================
Received Import Request.
  Time since last request: 5.442767 seconds.
  path: Assets/Prefab/Question 13.prefab
  artifactKey: Guid(1cb75b045df5548a786e6518feca1851) Importer(815301076,1909f56bfc062723c751e8b465ee728b)
Start importing Assets/Prefab/Question 13.prefab using Guid(1cb75b045df5548a786e6518feca1851) Importer(815301076,1909f56bfc062723c751e8b465ee728b)  -> (artifact id: '64b7893fd2cab2740a0178206b670e4c') in 0.017724 seconds 
  Import took 0.022125 seconds .

========================================================================
Received Import Request.
  Time since last request: 10.726339 seconds.
  path: Assets/Prefab/Question 14.prefab
  artifactKey: Guid(a630ca2699742459c86c1eb6d5c51573) Importer(815301076,1909f56bfc062723c751e8b465ee728b)
Start importing Assets/Prefab/Question 14.prefab using Guid(a630ca2699742459c86c1eb6d5c51573) Importer(815301076,1909f56bfc062723c751e8b465ee728b)  -> (artifact id: 'd3b32a0dafdb477c2462fe2e1952a77f') in 0.018036 seconds 
  Import took 0.022443 seconds .

========================================================================
Received Import Request.
  Time since last request: 27.180634 seconds.
  path: Assets/Prefab/Question 18.prefab
  artifactKey: Guid(848441e22a97d445c9ac58bd2086f140) Importer(815301076,1909f56bfc062723c751e8b465ee728b)
Start importing Assets/Prefab/Question 18.prefab using Guid(848441e22a97d445c9ac58bd2086f140) Importer(815301076,1909f56bfc062723c751e8b465ee728b)  -> (artifact id: 'fcfe5847138493782d114dfbfc921cf5') in 0.016875 seconds 
  Import took 0.021090 seconds .

========================================================================
Received Import Request.
  Time since last request: 11.222820 seconds.
  path: Assets/Prefab/Question 19.prefab
  artifactKey: Guid(77a8ac3d146364bcf9d36d06661206f7) Importer(815301076,1909f56bfc062723c751e8b465ee728b)
Start importing Assets/Prefab/Question 19.prefab using Guid(77a8ac3d146364bcf9d36d06661206f7) Importer(815301076,1909f56bfc062723c751e8b465ee728b)  -> (artifact id: '3e3afa5ca478626e1672909ab249b7f8') in 0.018475 seconds 
  Import took 0.022308 seconds .

========================================================================
Received Import Request.
  Time since last request: 5.622916 seconds.
  path: Assets/Prefab/Question 20.prefab
  artifactKey: Guid(2dea4a2aab7734e83af8e12585823cba) Importer(815301076,1909f56bfc062723c751e8b465ee728b)
Start importing Assets/Prefab/Question 20.prefab using Guid(2dea4a2aab7734e83af8e12585823cba) Importer(815301076,1909f56bfc062723c751e8b465ee728b)  -> (artifact id: '282d317ba9b1f57151683da04fa2d1b3') in 0.016795 seconds 
  Import took 0.021266 seconds .

========================================================================
Received Import Request.
  Time since last request: 7.281464 seconds.
  path: Assets/Prefab/Question 22.prefab
  artifactKey: Guid(995ee0324ff1241e8bfdfbfe6166a684) Importer(815301076,1909f56bfc062723c751e8b465ee728b)
Start importing Assets/Prefab/Question 22.prefab using Guid(995ee0324ff1241e8bfdfbfe6166a684) Importer(815301076,1909f56bfc062723c751e8b465ee728b)  -> (artifact id: 'f44280695d81281e3b83dfdc9b94a37e') in 0.018305 seconds 
  Import took 0.022322 seconds .

========================================================================
Received Import Request.
  Time since last request: 7.573508 seconds.
  path: Assets/Prefab/Question 23.prefab
  artifactKey: Guid(c6125fbd140cd43ad849a6969bdf2718) Importer(815301076,1909f56bfc062723c751e8b465ee728b)
Start importing Assets/Prefab/Question 23.prefab using Guid(c6125fbd140cd43ad849a6969bdf2718) Importer(815301076,1909f56bfc062723c751e8b465ee728b)  -> (artifact id: '7046d5b83039b9f5d8d4509bf3eedc3d') in 0.017733 seconds 
  Import took 0.021731 seconds .

========================================================================
Received Import Request.
  Time since last request: 3.246799 seconds.
  path: Assets/Prefab/Question 24.prefab
  artifactKey: Guid(04ecb357f53a84eb385b1c4f8aed6755) Importer(815301076,1909f56bfc062723c751e8b465ee728b)
Start importing Assets/Prefab/Question 24.prefab using Guid(04ecb357f53a84eb385b1c4f8aed6755) Importer(815301076,1909f56bfc062723c751e8b465ee728b)  -> (artifact id: '827f8e37fea000f199db4c6420d53a7b') in 0.019285 seconds 
  Import took 0.027546 seconds .

========================================================================
Received Import Request.
  Time since last request: 4.920237 seconds.
  path: Assets/Prefab/Question 25.prefab
  artifactKey: Guid(7c17985ece8614e9db179bc9f715d9ee) Importer(815301076,1909f56bfc062723c751e8b465ee728b)
Start importing Assets/Prefab/Question 25.prefab using Guid(7c17985ece8614e9db179bc9f715d9ee) Importer(815301076,1909f56bfc062723c751e8b465ee728b)  -> (artifact id: '7bd88f787b308d5b8ebc4ffe448da692') in 0.016100 seconds 
  Import took 0.021762 seconds .

========================================================================
Received Import Request.
  Time since last request: 6.268403 seconds.
  path: Assets/Prefab/Question 26.prefab
  artifactKey: Guid(7f73f9d8d705c4d1d961a453085a7d78) Importer(815301076,1909f56bfc062723c751e8b465ee728b)
Start importing Assets/Prefab/Question 26.prefab using Guid(7f73f9d8d705c4d1d961a453085a7d78) Importer(815301076,1909f56bfc062723c751e8b465ee728b)  -> (artifact id: '161188d731c65d4c5b3e71bb440345a7') in 0.018299 seconds 
  Import took 0.022608 seconds .

========================================================================
Received Import Request.
  Time since last request: 29.773861 seconds.
  path: Assets/Prefab/Question 27.prefab
  artifactKey: Guid(025c2d96e37514afe97887716c159c6b) Importer(815301076,1909f56bfc062723c751e8b465ee728b)
Start importing Assets/Prefab/Question 27.prefab using Guid(025c2d96e37514afe97887716c159c6b) Importer(815301076,1909f56bfc062723c751e8b465ee728b)  -> (artifact id: 'f91e6c7ca8106c4525a1c4fc11eaeea6') in 0.017386 seconds 
  Import took 0.021181 seconds .

========================================================================
Received Import Request.
  Time since last request: 9.146271 seconds.
  path: Assets/Prefab/Question 28.prefab
  artifactKey: Guid(c30c88fc11ace4f57ac902adc2072ba1) Importer(815301076,1909f56bfc062723c751e8b465ee728b)
Start importing Assets/Prefab/Question 28.prefab using Guid(c30c88fc11ace4f57ac902adc2072ba1) Importer(815301076,1909f56bfc062723c751e8b465ee728b)  -> (artifact id: '4655444b21290f1997bb84e757e534ac') in 0.019361 seconds 
  Import took 0.023558 seconds .

========================================================================
Received Import Request.
  Time since last request: 8.891228 seconds.
  path: Assets/Prefab/Question 29.prefab
  artifactKey: Guid(88f71ec57d28d409281a58cb18b2b8ba) Importer(815301076,1909f56bfc062723c751e8b465ee728b)
Start importing Assets/Prefab/Question 29.prefab using Guid(88f71ec57d28d409281a58cb18b2b8ba) Importer(815301076,1909f56bfc062723c751e8b465ee728b)  -> (artifact id: 'ff657d73ccb61d796e36f20dcc2b2fc2') in 0.020924 seconds 
  Import took 0.024539 seconds .

========================================================================
Received Import Request.
  Time since last request: 3.232307 seconds.
  path: Assets/Prefab/Question 30.prefab
  artifactKey: Guid(1ff7b63db97064b9f9cded933bb23f7a) Importer(815301076,1909f56bfc062723c751e8b465ee728b)
Start importing Assets/Prefab/Question 30.prefab using Guid(1ff7b63db97064b9f9cded933bb23f7a) Importer(815301076,1909f56bfc062723c751e8b465ee728b)  -> (artifact id: '64fa498779f1f922c23d4daf110bb5c9') in 0.021158 seconds 
  Import took 0.026207 seconds .

========================================================================
Received Import Request.
  Time since last request: 0.011737 seconds.
  path: Assets/Prefab/Question 30.prefab
  artifactKey: Guid(1ff7b63db97064b9f9cded933bb23f7a) Importer(815301076,1909f56bfc062723c751e8b465ee728b)
Start importing Assets/Prefab/Question 30.prefab using Guid(1ff7b63db97064b9f9cded933bb23f7a) Importer(815301076,1909f56bfc062723c751e8b465ee728b)  -> (artifact id: '64fa498779f1f922c23d4daf110bb5c9') in 0.019916 seconds 
  Import took 0.024936 seconds .

